<?xml version="1.0" encoding="UTF-8"?>
<!-- Generated by org.testng.reporters.JUnitReportReporter -->
<testsuite skipped="0" hostname="Aux-038" name="restassured.Testcase1" tests="1" failures="0" timestamp="10 Feb 2020 08:41:18 GMT" time="7.626" errors="0">
  <testcase name="getAgents" time="7.626" classname="restassured.Testcase1"/>
</testsuite> <!-- restassured.Testcase1 -->
