<?xml version="1.0" encoding="UTF-8"?>
<!-- Generated by org.testng.reporters.JUnitReportReporter -->
<testsuite skipped="0" hostname="Aux-038" name="restassured.Testcase2" tests="1" failures="0" timestamp="10 Feb 2020 07:38:35 GMT" time="2.122" errors="0">
  <testcase name="createUser" time="2.122" classname="restassured.Testcase2"/>
</testsuite> <!-- restassured.Testcase2 -->
